c:\users\student\documents\visual studio 2015\projects\c++directx\action\action\debug\action.pch
c:\users\student\documents\visual studio 2015\projects\c++directx\action\action\debug\vc140.pdb
c:\users\student\documents\visual studio 2015\projects\c++directx\action\action\debug\vc140.idb
c:\users\student\documents\visual studio 2015\projects\c++directx\action\action\debug\precompile.obj
c:\users\student\documents\visual studio 2015\projects\c++directx\action\action\debug\meshorbit.obj
c:\users\student\documents\visual studio 2015\projects\c++directx\action\action\debug\meshwall.obj
c:\users\student\documents\visual studio 2015\projects\c++directx\action\action\debug\number.obj
c:\users\student\documents\visual studio 2015\projects\c++directx\action\action\debug\object.obj
c:\users\student\documents\visual studio 2015\projects\c++directx\action\action\debug\object2d.obj
c:\users\student\documents\visual studio 2015\projects\c++directx\action\action\debug\object3d.obj
c:\users\student\documents\visual studio 2015\projects\c++directx\action\action\debug\objectx.obj
c:\users\student\documents\visual studio 2015\projects\c++directx\action\action\debug\particle.obj
c:\users\student\documents\visual studio 2015\projects\c++directx\action\action\debug\pause.obj
c:\users\student\documents\visual studio 2015\projects\c++directx\action\action\debug\player.obj
c:\users\student\documents\visual studio 2015\projects\c++directx\action\action\debug\ranking.obj
c:\users\student\documents\visual studio 2015\projects\c++directx\action\action\debug\renderer.obj
c:\users\student\documents\visual studio 2015\projects\c++directx\action\action\debug\result.obj
c:\users\student\documents\visual studio 2015\projects\c++directx\action\action\debug\sample.obj
c:\users\student\documents\visual studio 2015\projects\c++directx\action\action\debug\slow.obj
c:\users\student\documents\visual studio 2015\projects\c++directx\action\action\debug\sound.obj
c:\users\student\documents\visual studio 2015\projects\c++directx\action\action\debug\texture.obj
c:\users\student\documents\visual studio 2015\projects\c++directx\action\action\debug\title.obj
c:\users\student\documents\visual studio 2015\projects\c++directx\action\action\debug\tutorial.obj
c:\users\student\documents\visual studio 2015\projects\c++directx\action\action\debug\xfile.obj
c:\users\student\documents\visual studio 2015\projects\c++directx\action\action\debug\billboard.obj
c:\users\student\documents\visual studio 2015\projects\c++directx\action\action\debug\camera.obj
c:\users\student\documents\visual studio 2015\projects\c++directx\action\action\debug\debugproc.obj
c:\users\student\documents\visual studio 2015\projects\c++directx\action\action\debug\editor.obj
c:\users\student\documents\visual studio 2015\projects\c++directx\action\action\debug\effect.obj
c:\users\student\documents\visual studio 2015\projects\c++directx\action\action\debug\fade.obj
c:\users\student\documents\visual studio 2015\projects\c++directx\action\action\debug\fileload.obj
c:\users\student\documents\visual studio 2015\projects\c++directx\action\action\debug\game.obj
c:\users\student\documents\visual studio 2015\projects\c++directx\action\action\debug\input.obj
c:\users\student\documents\visual studio 2015\projects\c++directx\action\action\debug\light.obj
c:\users\student\documents\visual studio 2015\projects\c++directx\action\action\debug\main.obj
c:\users\student\documents\visual studio 2015\projects\c++directx\action\action\debug\manager.obj
c:\users\student\documents\visual studio 2015\projects\c++directx\action\action\debug\mesh.obj
c:\users\student\documents\visual studio 2015\projects\c++directx\action\action\debug\meshcylinder.obj
c:\users\student\documents\visual studio 2015\projects\c++directx\action\action\debug\meshdome.obj
c:\users\student\documents\visual studio 2015\projects\c++directx\action\action\debug\meshfield.obj
c:\users\student\documents\visual studio 2015\projects\c++directx\action\action\debug\objectmove.obj
c:\users\student\documents\visual studio 2015\projects\c++directx\action\action\debug\model.obj
c:\users\student\documents\visual studio 2015\projects\c++directx\action\action\debug\objectrotate.obj
c:\users\student\documents\visual studio 2015\projects\c++directx\action\action\debug\gimmick_move.obj
c:\users\student\documents\visual studio 2015\projects\c++directx\action\action\debug\objectpress.obj
c:\users\student\documents\visual studio 2015\projects\c++directx\action\action\debug\gimmick_press.obj
c:\users\student\documents\visual studio 2015\projects\c++directx\action\action\debug\gimmick_rotate.obj
c:\users\student\documents\visual studio 2015\projects\c++directx\action\action_task\debug\action.pch
c:\users\student\documents\visual studio 2015\projects\c++directx\action\action_task\debug\vc140.pdb
c:\users\student\documents\visual studio 2015\projects\c++directx\action\action_task\debug\vc140.idb
c:\users\student\documents\visual studio 2015\projects\c++directx\action\action_task\debug\precompile.obj
c:\users\student\documents\visual studio 2015\projects\c++directx\action\action_task\debug\object.obj
c:\users\student\documents\visual studio 2015\projects\c++directx\action\action_task\debug\object2d.obj
c:\users\student\documents\visual studio 2015\projects\c++directx\action\action_task\debug\object3d.obj
c:\users\student\documents\visual studio 2015\projects\c++directx\action\action_task\debug\gimmick_move.obj
c:\users\student\documents\visual studio 2015\projects\c++directx\action\action_task\debug\gimmick_press.obj
c:\users\student\documents\visual studio 2015\projects\c++directx\action\action_task\debug\gimmick_rotate.obj
c:\users\student\documents\visual studio 2015\projects\c++directx\action\action_task\debug\objectx.obj
c:\users\student\documents\visual studio 2015\projects\c++directx\action\action_task\debug\particle.obj
c:\users\student\documents\visual studio 2015\projects\c++directx\action\action_task\debug\pause.obj
c:\users\student\documents\visual studio 2015\projects\c++directx\action\action_task\debug\player.obj
c:\users\student\documents\visual studio 2015\projects\c++directx\action\action_task\debug\ranking.obj
c:\users\student\documents\visual studio 2015\projects\c++directx\action\action_task\debug\renderer.obj
c:\users\student\documents\visual studio 2015\projects\c++directx\action\action_task\debug\result.obj
c:\users\student\documents\visual studio 2015\projects\c++directx\action\action_task\debug\sample.obj
c:\users\student\documents\visual studio 2015\projects\c++directx\action\action_task\debug\slow.obj
c:\users\student\documents\visual studio 2015\projects\c++directx\action\action_task\debug\sound.obj
c:\users\student\documents\visual studio 2015\projects\c++directx\action\action_task\debug\texture.obj
c:\users\student\documents\visual studio 2015\projects\c++directx\action\action_task\debug\title.obj
c:\users\student\documents\visual studio 2015\projects\c++directx\action\action_task\debug\tutorial.obj
c:\users\student\documents\visual studio 2015\projects\c++directx\action\action_task\debug\xfile.obj
c:\users\student\documents\visual studio 2015\projects\c++directx\action\action_task\debug\billboard.obj
c:\users\student\documents\visual studio 2015\projects\c++directx\action\action_task\debug\camera.obj
c:\users\student\documents\visual studio 2015\projects\c++directx\action\action_task\debug\debugproc.obj
c:\users\student\documents\visual studio 2015\projects\c++directx\action\action_task\debug\editor.obj
c:\users\student\documents\visual studio 2015\projects\c++directx\action\action_task\debug\effect.obj
c:\users\student\documents\visual studio 2015\projects\c++directx\action\action_task\debug\fade.obj
c:\users\student\documents\visual studio 2015\projects\c++directx\action\action_task\debug\fileload.obj
c:\users\student\documents\visual studio 2015\projects\c++directx\action\action_task\debug\game.obj
c:\users\student\documents\visual studio 2015\projects\c++directx\action\action_task\debug\input.obj
c:\users\student\documents\visual studio 2015\projects\c++directx\action\action_task\debug\light.obj
c:\users\student\documents\visual studio 2015\projects\c++directx\action\action_task\debug\main.obj
c:\users\student\documents\visual studio 2015\projects\c++directx\action\action_task\debug\manager.obj
c:\users\student\documents\visual studio 2015\projects\c++directx\action\action_task\debug\mesh.obj
c:\users\student\documents\visual studio 2015\projects\c++directx\action\action_task\debug\meshcylinder.obj
c:\users\student\documents\visual studio 2015\projects\c++directx\action\action_task\debug\meshdome.obj
c:\users\student\documents\visual studio 2015\projects\c++directx\action\action_task\debug\meshfield.obj
c:\users\student\documents\visual studio 2015\projects\c++directx\action\action_task\debug\meshorbit.obj
c:\users\student\documents\visual studio 2015\projects\c++directx\action\action_task\debug\meshwall.obj
c:\users\student\documents\visual studio 2015\projects\c++directx\action\action_task\debug\model.obj
c:\users\student\documents\visual studio 2015\projects\c++directx\action\action_task\debug\number.obj
c:\users\student\documents\visual studio 2015\projects\c++directx\action\action_task\debug\task.obj
c:\users\student\documents\visual studio 2015\projects\c++directx\action\action_task\debug\task_manager.obj
c:\users\student\documents\visual studio 2015\projects\c++directx\action\action_task\debug\gimmick_fish.obj
c:\users\student\documents\visual studio 2015\projects\c++directx\action\action\debug\action.ilk
c:\users\student\documents\visual studio 2015\projects\c++directx\action\action\debug\action.exe
c:\users\student\documents\visual studio 2015\projects\c++directx\action\action\debug\action.pdb
c:\users\student\documents\visual studio 2015\projects\c++directx\action\action_task\debug\action.ilk
c:\users\student\documents\visual studio 2015\projects\c++directx\action\action_task\debug\action.exe
c:\users\student\documents\visual studio 2015\projects\c++directx\action\action_task\debug\action.pdb
c:\users\student\documents\visual studio 2015\projects\c++directx\action\action_task\debug\objectmove.obj
c:\users\student\documents\visual studio 2015\projects\c++directx\action\action_task\debug\objectpress.obj
c:\users\student\documents\visual studio 2015\projects\c++directx\action\action_task\debug\objectrotate.obj
c:\users\student\documents\visual studio 2015\projects\c++directx\action\action_task\debug\objectx.obj.enc
c:\users\student\documents\visual studio 2015\projects\c++directx\action\action_task\debug\action.tlog\cl.command.1.tlog
c:\users\student\documents\visual studio 2015\projects\c++directx\action\action_task\debug\action.tlog\cl.read.1.tlog
c:\users\student\documents\visual studio 2015\projects\c++directx\action\action_task\debug\action.tlog\cl.write.1.tlog
c:\users\student\documents\visual studio 2015\projects\c++directx\action\action_task\debug\action.tlog\link.command.1.tlog
c:\users\student\documents\visual studio 2015\projects\c++directx\action\action_task\debug\action.tlog\link.read.1.tlog
c:\users\student\documents\visual studio 2015\projects\c++directx\action\action_task\debug\action.tlog\link.write.1.tlog
